This is pdfTeX, Version 3.141592653-2.6-1.40.23 (TeX Live 2022/dev) (preloaded format=pdflatex 2022.3.1)  7 MAR 2022 10:34
entering extended mode
 restricted \write18 enabled.
 %&-line parsing enabled.
**thesis.tex
(./thesis.tex
LaTeX2e <2021-11-15> patch level 1
L3 programming layer <2022-02-24> (./monashthesis.cls
Document Class: monashthesis 2016/09/06 Monash Thesis Class
(/Users/patrickli/Library/TinyTeX/texmf-dist/tex/latex/base/fontenc.sty
Package: fontenc 2021/04/29 v2.0v Standard LaTeX package
) (/Users/patrickli/Library/TinyTeX/texmf-dist/tex/latex/base/inputenc.sty
Package: inputenc 2021/02/14 v1.3d Input encoding file
\inpenc@prehook=\toks16
\inpenc@posthook=\toks17
) (/Users/patrickli/Library/TinyTeX/texmf-dist/tex/latex/bera/bera.sty
Package: bera 2004/01/31 (WaS)
(/Users/patrickli/Library/TinyTeX/texmf-dist/tex/latex/base/fontenc.sty
Package: fontenc 2021/04/29 v2.0v Standard LaTeX package
) (/Users/patrickli/Library/TinyTeX/texmf-dist/tex/latex/base/textcomp.sty
Package: textcomp 2020/02/02 v2.0n Standard LaTeX package
) (/Users/patrickli/Library/TinyTeX/texmf-dist/tex/latex/bera/beraserif.sty
Package: beraserif 2004/01/30 (WaS)
(/Users/patrickli/Library/TinyTeX/texmf-dist/tex/latex/graphics/keyval.sty
Package: keyval 2014/10/28 v1.15 key=value parser (DPC)
\KV@toks@=\toks18
)
LaTeX Font Info:    Trying to load font information for T1+fve on input line 30
.
(/Users/patrickli/Library/TinyTeX/texmf-dist/tex/latex/bera/t1fve.fd
File: t1fve.fd 2004/09/07 scalable font definitions for T1/fve.
)
LaTeX Font Info:    Font shape `T1/fve/m/n' will be
(Font)              scaled to size 8.99994pt on input line 30.
) (/Users/patrickli/Library/TinyTeX/texmf-dist/tex/latex/bera/berasans.sty
Package: berasans 2004/01/30 (WaS)
) (/Users/patrickli/Library/TinyTeX/texmf-dist/tex/latex/bera/beramono.sty
Package: beramono 2004/01/31 (WaS)
)) (/Users/patrickli/Library/TinyTeX/texmf-dist/tex/latex/psnfss/mathpazo.sty
Package: mathpazo 2020/03/25 PSNFSS-v9.3 Palatino w/ Pazo Math (D.Puga, WaS) 
\symupright=\mathgroup4
) (/Users/patrickli/Library/TinyTeX/texmf-dist/tex/latex/base/report.cls
Document Class: report 2021/10/04 v1.4n Standard LaTeX document class
(/Users/patrickli/Library/TinyTeX/texmf-dist/tex/latex/base/size11.clo
File: size11.clo 2021/10/04 v1.4n Standard LaTeX file (size option)
LaTeX Font Info:    Font shape `T1/fve/m/n' will be
(Font)              scaled to size 9.85492pt on input line 54.
)
\c@part=\count185
\c@chapter=\count186
\c@section=\count187
\c@subsection=\count188
\c@subsubsection=\count189
\c@paragraph=\count190
\c@subparagraph=\count191
\c@figure=\count192
\c@table=\count193
\abovecaptionskip=\skip47
\belowcaptionskip=\skip48
\bibindent=\dimen138
) (/Users/patrickli/Library/TinyTeX/texmf-dist/tex/latex/geometry/geometry.sty
Package: geometry 2020/01/02 v5.9 Page Geometry
(/Users/patrickli/Library/TinyTeX/texmf-dist/tex/generic/iftex/ifvtex.sty
Package: ifvtex 2019/10/25 v1.7 ifvtex legacy package. Use iftex instead.
(/Users/patrickli/Library/TinyTeX/texmf-dist/tex/generic/iftex/iftex.sty
Package: iftex 2022/02/03 v1.0f TeX engine tests
))
\Gm@cnth=\count194
\Gm@cntv=\count195
\c@Gm@tempcnt=\count196
\Gm@bindingoffset=\dimen139
\Gm@wd@mp=\dimen140
\Gm@odd@mp=\dimen141
\Gm@even@mp=\dimen142
\Gm@layoutwidth=\dimen143
\Gm@layoutheight=\dimen144
\Gm@layouthoffset=\dimen145
\Gm@layoutvoffset=\dimen146
\Gm@dimlist=\toks19
) (/Users/patrickli/Library/TinyTeX/texmf-dist/tex/latex/caption/caption.sty
Package: caption 2022/02/28 v3.6a Customizing captions (AR)
(/Users/patrickli/Library/TinyTeX/texmf-dist/tex/latex/caption/caption3.sty
Package: caption3 2022/02/28 v2.3a caption3 kernel (AR)
\caption@tempdima=\dimen147
\captionmargin=\dimen148
\caption@leftmargin=\dimen149
\caption@rightmargin=\dimen150
\caption@width=\dimen151
\caption@indent=\dimen152
\caption@parindent=\dimen153
\caption@hangindent=\dimen154
Package caption Info: Standard document class detected.
)
\c@caption@flags=\count197
\c@continuedfloat=\count198
) (/Users/patrickli/Library/TinyTeX/texmf-dist/tex/latex/fancyhdr/fancyhdr.sty
Package: fancyhdr 2021/01/28 v4.0.1 Extensive control of page headers and foote
rs
\f@nch@headwidth=\skip49
\f@nch@O@elh=\skip50
\f@nch@O@erh=\skip51
\f@nch@O@olh=\skip52
\f@nch@O@orh=\skip53
\f@nch@O@elf=\skip54
\f@nch@O@erf=\skip55
\f@nch@O@olf=\skip56
\f@nch@O@orf=\skip57
) (/Users/patrickli/Library/TinyTeX/texmf-dist/tex/latex/tools/bm.sty
Package: bm 2021/04/25 v1.2e Bold Symbol Support (DPC/FMi)
\symboldoperators=\mathgroup5
\symboldletters=\mathgroup6
\symboldsymbols=\mathgroup7
Package bm Info: No bold for \OMX/zplm/m/n, using \pmb.
\symboldupright=\mathgroup8
LaTeX Font Info:    Redeclaring math alphabet \mathbf on input line 149.
) (/Users/patrickli/Library/TinyTeX/texmf-dist/tex/latex/amsmath/amsmath.sty
Package: amsmath 2021/10/15 v2.17l AMS math features
\@mathmargin=\skip58
For additional information on amsmath, use the `?' option.
(/Users/patrickli/Library/TinyTeX/texmf-dist/tex/latex/amsmath/amstext.sty
Package: amstext 2021/08/26 v2.01 AMS text
(/Users/patrickli/Library/TinyTeX/texmf-dist/tex/latex/amsmath/amsgen.sty
File: amsgen.sty 1999/11/30 v2.0 generic functions
\@emptytoks=\toks20
\ex@=\dimen155
)) (/Users/patrickli/Library/TinyTeX/texmf-dist/tex/latex/amsmath/amsbsy.sty
Package: amsbsy 1999/11/29 v1.2d Bold Symbols
LaTeX Info: Redefining \boldsymbol on input line 28.
\pmbraise@=\dimen156
) (/Users/patrickli/Library/TinyTeX/texmf-dist/tex/latex/amsmath/amsopn.sty
Package: amsopn 2021/08/26 v2.02 operator names
)
\inf@bad=\count199
LaTeX Info: Redefining \frac on input line 234.
\uproot@=\count266
\leftroot@=\count267
LaTeX Info: Redefining \overline on input line 399.
\classnum@=\count268
\DOTSCASE@=\count269
LaTeX Info: Redefining \ldots on input line 496.
LaTeX Info: Redefining \dots on input line 499.
LaTeX Info: Redefining \cdots on input line 620.
\Mathstrutbox@=\box50
\strutbox@=\box51
\big@size=\dimen157
LaTeX Font Info:    Redeclaring font encoding OML on input line 743.
LaTeX Font Info:    Redeclaring font encoding OMS on input line 744.
\macc@depth=\count270
\c@MaxMatrixCols=\count271
\dotsspace@=\muskip16
\c@parentequation=\count272
\dspbrk@lvl=\count273
\tag@help=\toks21
\row@=\count274
\column@=\count275
\maxfields@=\count276
\andhelp@=\toks22
\eqnshift@=\dimen158
\alignsep@=\dimen159
\tagshift@=\dimen160
\tagwidth@=\dimen161
\totwidth@=\dimen162
\lineht@=\dimen163
\@envbody=\toks23
\multlinegap=\skip59
\multlinetaggap=\skip60
\mathdisplay@stack=\toks24
LaTeX Info: Redefining \[ on input line 2938.
LaTeX Info: Redefining \] on input line 2939.
) (/Users/patrickli/Library/TinyTeX/texmf-dist/tex/latex/graphics/graphicx.sty
Package: graphicx 2021/09/16 v1.2d Enhanced LaTeX Graphics (DPC,SPQR)
(/Users/patrickli/Library/TinyTeX/texmf-dist/tex/latex/graphics/graphics.sty
Package: graphics 2021/03/04 v1.4d Standard LaTeX Graphics (DPC,SPQR)
(/Users/patrickli/Library/TinyTeX/texmf-dist/tex/latex/graphics/trig.sty
Package: trig 2021/08/11 v1.11 sin cos tan (DPC)
)
(/Users/patrickli/Library/TinyTeX/texmf-dist/tex/latex/graphics-cfg/graphics.cf
g
File: graphics.cfg 2016/06/04 v1.11 sample graphics configuration
)
Package graphics Info: Driver file: pdftex.def on input line 107.
(/Users/patrickli/Library/TinyTeX/texmf-dist/tex/latex/graphics-def/pdftex.def
File: pdftex.def 2020/10/05 v1.2a Graphics/color driver for pdftex
))
\Gin@req@height=\dimen164
\Gin@req@width=\dimen165
) (/Users/patrickli/Library/TinyTeX/texmf-dist/tex/latex/placeins/placeins.sty
Package: placeins 2005/04/18  v 2.2
) (/Users/patrickli/Library/TinyTeX/texmf-dist/tex/latex/titlesec/titlesec.sty
Package: titlesec 2021/07/05 v2.14 Sectioning titles
\ttl@box=\box52
\beforetitleunit=\skip61
\aftertitleunit=\skip62
\ttl@plus=\dimen166
\ttl@minus=\dimen167
\ttl@toksa=\toks25
\titlewidth=\dimen168
\titlewidthlast=\dimen169
\titlewidthfirst=\dimen170
) (/Users/patrickli/Library/TinyTeX/texmf-dist/tex/latex/setspace/setspace.sty
Package: setspace 2011/12/19 v6.7a set line spacing
) (/Users/patrickli/Library/TinyTeX/texmf-dist/tex/latex/microtype/microtype.st
y
Package: microtype 2022/02/22 v3.0c Micro-typographical refinements (RS)
(/Users/patrickli/Library/TinyTeX/texmf-dist/tex/latex/etoolbox/etoolbox.sty
Package: etoolbox 2020/10/05 v2.5k e-TeX tools for LaTeX (JAW)
\etb@tempcnta=\count277
)
\MT@toks=\toks26
\MT@tempbox=\box53
\MT@count=\count278
LaTeX Info: Redefining \noprotrusionifhmode on input line 1027.
LaTeX Info: Redefining \leftprotrusion on input line 1028.
LaTeX Info: Redefining \rightprotrusion on input line 1036.
LaTeX Info: Redefining \textls on input line 1200.
\MT@outer@kern=\dimen171
LaTeX Info: Redefining \textmicrotypecontext on input line 1786.
\MT@listname@count=\count279

(/Users/patrickli/Library/TinyTeX/texmf-dist/tex/latex/microtype/microtype-pdft
ex.def
File: microtype-pdftex.def 2022/02/22 v3.0c Definitions specific to pdftex (RS)

LaTeX Info: Redefining \lsstyle on input line 897.
LaTeX Info: Redefining \lslig on input line 897.
\MT@outer@space=\skip63
)
Package microtype Info: Loading configuration file microtype.cfg.
(/Users/patrickli/Library/TinyTeX/texmf-dist/tex/latex/microtype/microtype.cfg
File: microtype.cfg 2022/02/22 v3.0c microtype main configuration file (RS)
)) (/Users/patrickli/Library/TinyTeX/texmf-dist/tex/latex/ragged2e/ragged2e.sty
Package: ragged2e 2021/12/15 v3.1 ragged2e Package
\CenteringLeftskip=\skip64
\RaggedLeftLeftskip=\skip65
\RaggedRightLeftskip=\skip66
\CenteringRightskip=\skip67
\RaggedLeftRightskip=\skip68
\RaggedRightRightskip=\skip69
\CenteringParfillskip=\skip70
\RaggedLeftParfillskip=\skip71
\RaggedRightParfillskip=\skip72
\JustifyingParfillskip=\skip73
\CenteringParindent=\skip74
\RaggedLeftParindent=\skip75
\RaggedRightParindent=\skip76
\JustifyingParindent=\skip77
) (/Users/patrickli/Library/TinyTeX/texmf-dist/tex/latex/biblatex/biblatex.sty
Package: biblatex 2022/02/02 v3.17 programmable bibliographies (PK/MW)

(/Users/patrickli/Library/TinyTeX/texmf-dist/tex/generic/pdftexcmds/pdftexcmds.
sty
Package: pdftexcmds 2020-06-27 v0.33 Utility functions of pdfTeX for LuaTeX (HO
)

(/Users/patrickli/Library/TinyTeX/texmf-dist/tex/generic/infwarerr/infwarerr.st
y
Package: infwarerr 2019/12/03 v1.5 Providing info/warning/error messages (HO)
) (/Users/patrickli/Library/TinyTeX/texmf-dist/tex/generic/ltxcmds/ltxcmds.sty
Package: ltxcmds 2020-05-10 v1.25 LaTeX kernel commands for general use (HO)
)
Package pdftexcmds Info: \pdf@primitive is available.
Package pdftexcmds Info: \pdf@ifprimitive is available.
Package pdftexcmds Info: \pdfdraftmode found.
) (/Users/patrickli/Library/TinyTeX/texmf-dist/tex/latex/kvoptions/kvoptions.st
y
Package: kvoptions 2020-10-07 v3.14 Key value format for package options (HO)

(/Users/patrickli/Library/TinyTeX/texmf-dist/tex/generic/kvsetkeys/kvsetkeys.st
y
Package: kvsetkeys 2019/12/15 v1.18 Key value parser (HO)
)) (/Users/patrickli/Library/TinyTeX/texmf-dist/tex/latex/logreq/logreq.sty
Package: logreq 2010/08/04 v1.0 xml request logger
\lrq@indent=\count280
(/Users/patrickli/Library/TinyTeX/texmf-dist/tex/latex/logreq/logreq.def
File: logreq.def 2010/08/04 v1.0 logreq spec v1.0
)) (/Users/patrickli/Library/TinyTeX/texmf-dist/tex/latex/base/ifthen.sty
Package: ifthen 2020/11/24 v1.1c Standard LaTeX ifthen package (DPC)
) (/Users/patrickli/Library/TinyTeX/texmf-dist/tex/latex/url/url.sty
\Urlmuskip=\muskip17
Package: url 2013/09/16  ver 3.4  Verb mode for urls, etc.
)
\c@tabx@nest=\count281
\c@listtotal=\count282
\c@listcount=\count283
\c@liststart=\count284
\c@liststop=\count285
\c@citecount=\count286
\c@citetotal=\count287
\c@multicitecount=\count288
\c@multicitetotal=\count289
\c@instcount=\count290
\c@maxnames=\count291
\c@minnames=\count292
\c@maxitems=\count293
\c@minitems=\count294
\c@citecounter=\count295
\c@maxcitecounter=\count296
\c@savedcitecounter=\count297
\c@uniquelist=\count298
\c@uniquename=\count299
\c@refsection=\count300
\c@refsegment=\count301
\c@maxextratitle=\count302
\c@maxextratitleyear=\count303
\c@maxextraname=\count304
\c@maxextradate=\count305
\c@maxextraalpha=\count306
\c@abbrvpenalty=\count307
\c@highnamepenalty=\count308
\c@lownamepenalty=\count309
\c@maxparens=\count310
\c@parenlevel=\count311
\blx@tempcnta=\count312
\blx@tempcntb=\count313
\blx@tempcntc=\count314
\c@blx@maxsection=\count315
\c@blx@maxsegment@0=\count316
\blx@notetype=\count317
\blx@parenlevel@text=\count318
\blx@parenlevel@foot=\count319
\c@blx@sectionciteorder@0=\count320
\blx@entrysetcounter=\count321
\blx@biblioinstance=\count322
\labelnumberwidth=\skip78
\labelalphawidth=\skip79
\biblabelsep=\skip80
\bibitemsep=\skip81
\bibnamesep=\skip82
\bibinitsep=\skip83
\bibparsep=\skip84
\bibhang=\skip85
\blx@bcfin=\read2
\blx@bcfout=\write3
\blx@langwohyphens=\language3
\c@mincomprange=\count323
\c@maxcomprange=\count324
\c@mincompwidth=\count325
Package biblatex Info: Trying to load biblatex default data model...
Package biblatex Info: ... file 'blx-dm.def' found.
(/Users/patrickli/Library/TinyTeX/texmf-dist/tex/latex/biblatex/blx-dm.def
File: blx-dm.def 2022/02/02 v3.17 biblatex localization (PK/MW)
)
Package biblatex Info: Trying to load biblatex style data model...
Package biblatex Info: ... file 'authoryear-comp.dbx' not found.
Package biblatex Info: Trying to load biblatex custom data model...
Package biblatex Info: ... file 'biblatex-dm.cfg' not found.
\c@afterword=\count326
\c@savedafterword=\count327
\c@annotator=\count328
\c@savedannotator=\count329
\c@author=\count330
\c@savedauthor=\count331
\c@bookauthor=\count332
\c@savedbookauthor=\count333
\c@commentator=\count334
\c@savedcommentator=\count335
\c@editor=\count336
\c@savededitor=\count337
\c@editora=\count338
\c@savededitora=\count339
\c@editorb=\count340
\c@savededitorb=\count341
\c@editorc=\count342
\c@savededitorc=\count343
\c@foreword=\count344
\c@savedforeword=\count345
\c@holder=\count346
\c@savedholder=\count347
\c@introduction=\count348
\c@savedintroduction=\count349
\c@namea=\count350
\c@savednamea=\count351
\c@nameb=\count352
\c@savednameb=\count353
\c@namec=\count354
\c@savednamec=\count355
\c@translator=\count356
\c@savedtranslator=\count357
\c@shortauthor=\count358
\c@savedshortauthor=\count359
\c@shorteditor=\count360
\c@savedshorteditor=\count361
\c@labelname=\count362
\c@savedlabelname=\count363
\c@institution=\count364
\c@savedinstitution=\count365
\c@lista=\count366
\c@savedlista=\count367
\c@listb=\count368
\c@savedlistb=\count369
\c@listc=\count370
\c@savedlistc=\count371
\c@listd=\count372
\c@savedlistd=\count373
\c@liste=\count374
\c@savedliste=\count375
\c@listf=\count376
\c@savedlistf=\count377
\c@location=\count378
\c@savedlocation=\count379
\c@organization=\count380
\c@savedorganization=\count381
\c@origlocation=\count382
\c@savedoriglocation=\count383
\c@origpublisher=\count384
\c@savedorigpublisher=\count385
\c@publisher=\count386
\c@savedpublisher=\count387
\c@language=\count388
\c@savedlanguage=\count389
\c@origlanguage=\count390
\c@savedoriglanguage=\count391
\c@pageref=\count392
\c@savedpageref=\count393
\shorthandwidth=\skip86
\shortjournalwidth=\skip87
\shortserieswidth=\skip88
\shorttitlewidth=\skip89
\shortauthorwidth=\skip90
\shorteditorwidth=\skip91
\locallabelnumberwidth=\skip92
\locallabelalphawidth=\skip93
\localshorthandwidth=\skip94
\localshortjournalwidth=\skip95
\localshortserieswidth=\skip96
\localshorttitlewidth=\skip97
\localshortauthorwidth=\skip98
\localshorteditorwidth=\skip99
Package biblatex Info: Trying to load compatibility code...
Package biblatex Info: ... file 'blx-compat.def' found.
(/Users/patrickli/Library/TinyTeX/texmf-dist/tex/latex/biblatex/blx-compat.def
File: blx-compat.def 2022/02/02 v3.17 biblatex compatibility (PK/MW)
)
Package biblatex Info: Trying to load generic definitions...
Package biblatex Info: ... file 'biblatex.def' found.
(/Users/patrickli/Library/TinyTeX/texmf-dist/tex/latex/biblatex/biblatex.def
File: biblatex.def 2022/02/02 v3.17 biblatex compatibility (PK/MW)
\c@textcitecount=\count394
\c@textcitetotal=\count395
\c@textcitemaxnames=\count396
\c@biburlbigbreakpenalty=\count397
\c@biburlbreakpenalty=\count398
\c@biburlnumpenalty=\count399
\c@biburlucpenalty=\count400
\c@biburllcpenalty=\count401
\biburlbigskip=\muskip18
\biburlnumskip=\muskip19
\biburlucskip=\muskip20
\biburllcskip=\muskip21
\c@smartand=\count402
)
Package biblatex Info: Trying to load natbib compatibility...
Package biblatex Info: ... file 'blx-natbib.def' found.
(/Users/patrickli/Library/TinyTeX/texmf-dist/tex/latex/biblatex/blx-natbib.def
File: blx-natbib.def 2022/02/02 v3.17 biblatex compatibility (PK/MW)
Package biblatex Info: Delimiter 'nameyeardelim' in context '' already defined,
 overwriting.
)
Package biblatex Info: Trying to load bibliography style 'authoryear-comp'...
Package biblatex Info: ... file 'authoryear-comp.bbx' found.

(/Users/patrickli/Library/TinyTeX/texmf-dist/tex/latex/biblatex/bbx/authoryear-
comp.bbx
File: authoryear-comp.bbx 2022/02/02 v3.17 biblatex bibliography style (PK/MW)
Package biblatex Info: Trying to load bibliography style 'authoryear'...
Package biblatex Info: ... file 'authoryear.bbx' found.

(/Users/patrickli/Library/TinyTeX/texmf-dist/tex/latex/biblatex/bbx/authoryear.
bbx
File: authoryear.bbx 2022/02/02 v3.17 biblatex bibliography style (PK/MW)
Package biblatex Info: Trying to load bibliography style 'standard'...
Package biblatex Info: ... file 'standard.bbx' found.

(/Users/patrickli/Library/TinyTeX/texmf-dist/tex/latex/biblatex/bbx/standard.bb
x
File: standard.bbx 2022/02/02 v3.17 biblatex bibliography style (PK/MW)
\c@bbx:relatedcount=\count403
\c@bbx:relatedtotal=\count404
)))
Package biblatex Info: Trying to load citation style 'authoryear-comp'...
Package biblatex Info: ... file 'authoryear-comp.cbx' found.

(/Users/patrickli/Library/TinyTeX/texmf-dist/tex/latex/biblatex/cbx/authoryear-
comp.cbx
File: authoryear-comp.cbx 2022/02/02 v3.17 biblatex citation style (PK/MW)
Package biblatex Info: Redefining '\cite'.
Package biblatex Info: Redefining '\parencite'.
Package biblatex Info: Redefining '\footcite'.
Package biblatex Info: Redefining '\footcitetext'.
Package biblatex Info: Redefining '\smartcite'.
Package biblatex Info: Redefining '\textcite'.
Package biblatex Info: Redefining '\textcites'.
Package biblatex Info: Redefining '\cites'.
Package biblatex Info: Redefining '\parencites'.
Package biblatex Info: Redefining '\footcites'.
Package biblatex Info: Redefining '\footcitetexts'.
Package biblatex Info: Redefining '\smartcites'.
)
Package biblatex Info: Trying to load configuration file...
Package biblatex Info: ... file 'biblatex.cfg' found.
(/Users/patrickli/Library/TinyTeX/texmf-dist/tex/latex/biblatex/biblatex.cfg
File: biblatex.cfg 
)
Package biblatex Info: Input encoding 'utf8' detected.
Package biblatex Info: Document encoding is UTF8 ....
(/Users/patrickli/Library/TinyTeX/texmf-dist/tex/latex/l3kernel/expl3.sty
Package: expl3 2022-02-24 L3 programming layer (loader) 

(/Users/patrickli/Library/TinyTeX/texmf-dist/tex/latex/l3backend/l3backend-pdft
ex.def
File: l3backend-pdftex.def 2022-02-07 L3 backend support: PDF output (pdfTeX)
\l__color_backend_stack_int=\count405
\l__pdf_internal_box=\box54
))
Package biblatex Info: ... and expl3
(biblatex)             2022-02-24 L3 programming layer (loader) 
(biblatex)             is new enough (at least 2020/04/06),
(biblatex)             setting 'casechanger=expl3'.

(/Users/patrickli/Library/TinyTeX/texmf-dist/tex/latex/biblatex/blx-case-expl3.
sty
(/Users/patrickli/Library/TinyTeX/texmf-dist/tex/latex/l3packages/xparse/xparse
.sty
Package: xparse 2022-01-12 L3 Experimental document command parser
)
Package: blx-case-expl3 2022/02/02 v3.17 expl3 case changing code for biblatex
)) (/Users/patrickli/Library/TinyTeX/texmf-dist/tex/latex/xpatch/xpatch.sty
Package: xpatch 2020/03/25 v0.3a Extending etoolbox patching commands
) (/Users/patrickli/Library/TinyTeX/texmf-dist/tex/latex/xcolor/xcolor.sty
Package: xcolor 2021/10/31 v2.13 LaTeX color extensions (UK)
(/Users/patrickli/Library/TinyTeX/texmf-dist/tex/latex/graphics-cfg/color.cfg
File: color.cfg 2016/01/02 v1.6 sample color configuration
)
Package xcolor Info: Driver file: pdftex.def on input line 227.
Package xcolor Info: Model `cmy' substituted by `cmy0' on input line 1352.
Package xcolor Info: Model `hsb' substituted by `rgb' on input line 1356.
Package xcolor Info: Model `RGB' extended on input line 1368.
Package xcolor Info: Model `HTML' substituted by `rgb' on input line 1370.
Package xcolor Info: Model `Hsb' substituted by `hsb' on input line 1371.
Package xcolor Info: Model `tHsb' substituted by `hsb' on input line 1372.
Package xcolor Info: Model `HSB' substituted by `hsb' on input line 1373.
Package xcolor Info: Model `Gray' substituted by `gray' on input line 1374.
Package xcolor Info: Model `wave' substituted by `hsb' on input line 1375.
) (/Users/patrickli/Library/TinyTeX/texmf-dist/tex/latex/hyperref/hyperref.sty
Package: hyperref 2022-02-21 v7.00n Hypertext links for LaTeX

(/Users/patrickli/Library/TinyTeX/texmf-dist/tex/generic/kvdefinekeys/kvdefinek
eys.sty
Package: kvdefinekeys 2019-12-19 v1.6 Define keys (HO)
)
(/Users/patrickli/Library/TinyTeX/texmf-dist/tex/generic/pdfescape/pdfescape.st
y
Package: pdfescape 2019/12/09 v1.15 Implements pdfTeX's escape features (HO)
) (/Users/patrickli/Library/TinyTeX/texmf-dist/tex/latex/hycolor/hycolor.sty
Package: hycolor 2020-01-27 v1.10 Color options for hyperref/bookmark (HO)
)
(/Users/patrickli/Library/TinyTeX/texmf-dist/tex/latex/letltxmacro/letltxmacro.
sty
Package: letltxmacro 2019/12/03 v1.6 Let assignment for LaTeX macros (HO)
) (/Users/patrickli/Library/TinyTeX/texmf-dist/tex/latex/auxhook/auxhook.sty
Package: auxhook 2019-12-17 v1.6 Hooks for auxiliary files (HO)
)
\@linkdim=\dimen172
\Hy@linkcounter=\count406
\Hy@pagecounter=\count407
(/Users/patrickli/Library/TinyTeX/texmf-dist/tex/latex/hyperref/pd1enc.def
File: pd1enc.def 2022-02-21 v7.00n Hyperref: PDFDocEncoding definition (HO)
Now handling font encoding PD1 ...
... no UTF-8 mapping file for font encoding PD1
) (/Users/patrickli/Library/TinyTeX/texmf-dist/tex/generic/intcalc/intcalc.sty
Package: intcalc 2019/12/15 v1.3 Expandable calculations with integers (HO)
) (/Users/patrickli/Library/TinyTeX/texmf-dist/tex/generic/etexcmds/etexcmds.st
y
Package: etexcmds 2019/12/15 v1.7 Avoid name clashes with e-TeX commands (HO)
)
\Hy@SavedSpaceFactor=\count408
(/Users/patrickli/Library/TinyTeX/texmf-dist/tex/latex/hyperref/puenc.def
File: puenc.def 2022-02-21 v7.00n Hyperref: PDF Unicode definition (HO)
Now handling font encoding PU ...
... no UTF-8 mapping file for font encoding PU
)
Package hyperref Info: Option `colorlinks' set `false' on input line 4018.
Package hyperref Info: Hyper figures OFF on input line 4137.
Package hyperref Info: Link nesting OFF on input line 4142.
Package hyperref Info: Hyper index ON on input line 4145.
Package hyperref Info: Plain pages OFF on input line 4152.
Package hyperref Info: Backreferencing OFF on input line 4157.
Package hyperref Info: Implicit mode ON; LaTeX internals redefined.
Package hyperref Info: Bookmarks ON on input line 4390.
\c@Hy@tempcnt=\count409
LaTeX Info: Redefining \url on input line 4749.
\XeTeXLinkMargin=\dimen173
(/Users/patrickli/Library/TinyTeX/texmf-dist/tex/generic/bitset/bitset.sty
Package: bitset 2019/12/09 v1.3 Handle bit-vector datatype (HO)

(/Users/patrickli/Library/TinyTeX/texmf-dist/tex/generic/bigintcalc/bigintcalc.
sty
Package: bigintcalc 2019/12/15 v1.5 Expandable calculations on big integers (HO
)
))
\Fld@menulength=\count410
\Field@Width=\dimen174
\Fld@charsize=\dimen175
Package hyperref Info: Hyper figures OFF on input line 6027.
Package hyperref Info: Link nesting OFF on input line 6032.
Package hyperref Info: Hyper index ON on input line 6035.
Package hyperref Info: backreferencing OFF on input line 6042.
Package hyperref Info: Link coloring OFF on input line 6047.
Package hyperref Info: Link coloring with OCG OFF on input line 6052.
Package hyperref Info: PDF/A mode OFF on input line 6057.
LaTeX Info: Redefining \ref on input line 6097.
LaTeX Info: Redefining \pageref on input line 6101.
(/Users/patrickli/Library/TinyTeX/texmf-dist/tex/latex/base/atbegshi-ltx.sty
Package: atbegshi-ltx 2021/01/10 v1.0c Emulation of the original atbegshi
package with kernel methods
)
\Hy@abspage=\count411
\c@Item=\count412
\c@Hfootnote=\count413
)
Package hyperref Info: Driver (autodetected): hpdftex.
(/Users/patrickli/Library/TinyTeX/texmf-dist/tex/latex/hyperref/hpdftex.def
File: hpdftex.def 2022-02-21 v7.00n Hyperref driver for pdfTeX
(/Users/patrickli/Library/TinyTeX/texmf-dist/tex/latex/base/atveryend-ltx.sty
Package: atveryend-ltx 2020/08/19 v1.0a Emulation of the original atveryend pac
kage
with kernel methods
)
\Fld@listcount=\count414
\c@bookmark@seq@number=\count415

(/Users/patrickli/Library/TinyTeX/texmf-dist/tex/latex/rerunfilecheck/rerunfile
check.sty
Package: rerunfilecheck 2019/12/05 v1.9 Rerun checks for auxiliary files (HO)

(/Users/patrickli/Library/TinyTeX/texmf-dist/tex/generic/uniquecounter/uniqueco
unter.sty
Package: uniquecounter 2019/12/15 v1.4 Provide unlimited unique counter (HO)
)
Package uniquecounter Info: New unique counter `rerunfilecheck' on input line 2
86.
)
\Hy@SectionHShift=\skip100
)
Package hyperref Info: Option `breaklinks' set `true' on input line 160.
Package hyperref Info: Option `bookmarksopen' set `true' on input line 160.
Package hyperref Info: Option `bookmarksnumbered' set `true' on input line 160.

Package hyperref Info: Option `colorlinks' set `true' on input line 160.
(/Users/patrickli/Library/TinyTeX/texmf-dist/tex/latex/tocbibind/tocbibind.sty
Package: tocbibind 2010/10/13 v1.5k extra ToC listings
Package tocbibind Info: The document has chapter divisions on input line 50.

Package tocbibind Note: Using chapter style headings, unless overridden.

) (/Users/patrickli/Library/TinyTeX/texmf-dist/tex/latex/tocloft/tocloft.sty
Package: tocloft 2017/08/31 v2.3i parameterised ToC, etc., typesetting
Package tocloft Info: The document has chapter divisions on input line 51.
\cftparskip=\skip101
\cftbeforetoctitleskip=\skip102
\cftaftertoctitleskip=\skip103
\cftbeforepartskip=\skip104
\cftpartnumwidth=\skip105
\cftpartindent=\skip106
\cftbeforechapskip=\skip107
\cftchapindent=\skip108
\cftchapnumwidth=\skip109
\cftbeforesecskip=\skip110
\cftsecindent=\skip111
\cftsecnumwidth=\skip112
\cftbeforesubsecskip=\skip113
\cftsubsecindent=\skip114
\cftsubsecnumwidth=\skip115
\cftbeforesubsubsecskip=\skip116
\cftsubsubsecindent=\skip117
\cftsubsubsecnumwidth=\skip118
\cftbeforeparaskip=\skip119
\cftparaindent=\skip120
\cftparanumwidth=\skip121
\cftbeforesubparaskip=\skip122
\cftsubparaindent=\skip123
\cftsubparanumwidth=\skip124
\cftbeforeloftitleskip=\skip125
\cftafterloftitleskip=\skip126
\cftbeforefigskip=\skip127
\cftfigindent=\skip128
\cftfignumwidth=\skip129
\c@lofdepth=\count416
\c@lotdepth=\count417
\cftbeforelottitleskip=\skip130
\cftafterlottitleskip=\skip131
\cftbeforetabskip=\skip132
\cfttabindent=\skip133
\cfttabnumwidth=\skip134
) (/Users/patrickli/Library/TinyTeX/texmf-dist/tex/latex/framed/framed.sty
Package: framed 2011/10/22 v 0.96: framed or shaded text with page breaks
\OuterFrameSep=\skip135
\fb@frw=\dimen176
\fb@frh=\dimen177
\FrameRule=\dimen178
\FrameSep=\dimen179
) (/Users/patrickli/Library/TinyTeX/texmf-dist/tex/latex/fancyvrb/fancyvrb.sty
Package: fancyvrb 2021/12/21 4.1b verbatim text (tvz,hv)
\FV@CodeLineNo=\count418
\FV@InFile=\read3
\FV@TabBox=\box55
\c@FancyVerbLine=\count419
\FV@StepNumber=\count420
\FV@OutFile=\write4
) (/Users/patrickli/Library/TinyTeX/texmf-dist/tex/latex/tools/longtable.sty
Package: longtable 2021-09-01 v4.17 Multi-page Table package (DPC)
\LTleft=\skip136
\LTright=\skip137
\LTpre=\skip138
\LTpost=\skip139
\LTchunksize=\count421
\LTcapwidth=\dimen180
\LT@head=\box56
\LT@firsthead=\box57
\LT@foot=\box58
\LT@lastfoot=\box59
\LT@gbox=\box60
\LT@cols=\count422
\LT@rows=\count423
\c@LT@tables=\count424
\c@LT@chunks=\count425
\LT@p@ftn=\toks27
) (/Users/patrickli/Library/TinyTeX/texmf-dist/tex/latex/booktabs/booktabs.sty
Package: booktabs 2020/01/12 v1.61803398 Publication quality tables
\heavyrulewidth=\dimen181
\lightrulewidth=\dimen182
\cmidrulewidth=\dimen183
\belowrulesep=\dimen184
\belowbottomsep=\dimen185
\aboverulesep=\dimen186
\abovetopsep=\dimen187
\cmidrulesep=\dimen188
\cmidrulekern=\dimen189
\defaultaddspace=\dimen190
\@cmidla=\count426
\@cmidlb=\count427
\@aboverulesep=\dimen191
\@belowrulesep=\dimen192
\@thisruleclass=\count428
\@lastruleclass=\count429
\@thisrulewidth=\dimen193
)) (/Users/patrickli/Library/TinyTeX/texmf-dist/tex/latex/amscls/amsthm.sty
Package: amsthm 2020/05/29 v2.20.6
\thm@style=\toks28
\thm@bodyfont=\toks29
\thm@headfont=\toks30
\thm@notefont=\toks31
\thm@headpunct=\toks32
\thm@preskip=\skip140
\thm@postskip=\skip141
\thm@headsep=\skip142
\dth@everypar=\toks33
)
\c@theorem=\count430
\c@lemma=\count431
\c@corollary=\count432
\c@proposition=\count433
\c@conjecture=\count434
\c@definition=\count435
\c@example=\count436
\c@exercise=\count437
\c@hypothesis=\count438
\@quotelevel=\count439
\@quotereset=\count440
LaTeX Font Info:    Trying to load font information for T1+ppl on input line 45
.
(/Users/patrickli/Library/TinyTeX/texmf-dist/tex/latex/psnfss/t1ppl.fd
File: t1ppl.fd 2001/06/04 font definitions for T1/ppl.
) (./thesis.aux)
\openout1 = `thesis.aux'.

LaTeX Font Info:    Checking defaults for OML/cmm/m/it on input line 45.
LaTeX Font Info:    ... okay on input line 45.
LaTeX Font Info:    Checking defaults for OMS/cmsy/m/n on input line 45.
LaTeX Font Info:    ... okay on input line 45.
LaTeX Font Info:    Checking defaults for OT1/cmr/m/n on input line 45.
LaTeX Font Info:    ... okay on input line 45.
LaTeX Font Info:    Checking defaults for T1/cmr/m/n on input line 45.
LaTeX Font Info:    ... okay on input line 45.
LaTeX Font Info:    Checking defaults for TS1/cmr/m/n on input line 45.
LaTeX Font Info:    ... okay on input line 45.
LaTeX Font Info:    Checking defaults for OMX/cmex/m/n on input line 45.
LaTeX Font Info:    ... okay on input line 45.
LaTeX Font Info:    Checking defaults for U/cmr/m/n on input line 45.
LaTeX Font Info:    ... okay on input line 45.
LaTeX Font Info:    Checking defaults for PD1/pdf/m/n on input line 45.
LaTeX Font Info:    ... okay on input line 45.
LaTeX Font Info:    Checking defaults for PU/pdf/m/n on input line 45.
LaTeX Font Info:    ... okay on input line 45.
*geometry* driver: auto-detecting
*geometry* detected driver: pdftex
*geometry* verbose mode - [ preamble ] result:
* driver: pdftex
* paper: a4paper
* layout: <same size as paper>
* layoutoffset:(h,v)=(0.0pt,0.0pt)
* modes: twoside 
* h-part:(L,W,R)=(99.58464pt, 426.79135pt, 71.13188pt)
* v-part:(T,H,B)=(71.13188pt, 674.33032pt, 99.58464pt)
* \paperwidth=597.50787pt
* \paperheight=845.04684pt
* \textwidth=426.79135pt
* \textheight=674.33032pt
* \oddsidemargin=27.31465pt
* \evensidemargin=-1.1381pt
* \topmargin=-38.1381pt
* \headheight=15.0pt
* \headsep=25.0pt
* \topskip=11.0pt
* \footskip=30.0pt
* \marginparwidth=103.0pt
* \marginparsep=10.0pt
* \columnsep=10.0pt
* \skip\footins=10.0pt plus 4.0pt minus 2.0pt
* \hoffset=0.0pt
* \voffset=0.0pt
* \mag=1000
* \@twocolumnfalse
* \@twosidetrue
* \@mparswitchtrue
* \@reversemarginfalse
* (1in=72.27pt=25.4mm, 1cm=28.453pt)

Package caption Info: Begin \AtBeginDocument code.
Package caption Info: hyperref package is loaded.
Package caption Info: longtable package is loaded.
(/Users/patrickli/Library/TinyTeX/texmf-dist/tex/latex/caption/ltcaption.sty
Package: ltcaption 2021/01/08 v1.4c longtable captions (AR)
)
Package caption Info: End \AtBeginDocument code.

(/Users/patrickli/Library/TinyTeX/texmf-dist/tex/latex/epstopdf-pkg/epstopdf-ba
se.sty
Package: epstopdf-base 2020-01-24 v2.11 Base part for package epstopdf
Package epstopdf-base Info: Redefining graphics rule for `.eps' on input line 4
85.

(/Users/patrickli/Library/TinyTeX/texmf-dist/tex/latex/latexconfig/epstopdf-sys
.cfg
File: epstopdf-sys.cfg 2010/07/13 v1.3 Configuration of (r)epstopdf for TeX Liv
e
))
LaTeX Info: Redefining \microtypecontext on input line 45.
Package microtype Info: Applying patch `item' on input line 45.
Package microtype Info: Applying patch `toc' on input line 45.
Package microtype Info: Applying patch `eqnum' on input line 45.
Package microtype Info: Applying patch `footnote' on input line 45.
Package microtype Info: Generating PDF output.
Package microtype Info: Character protrusion enabled (level 2).
Package microtype Info: Using default protrusion set `alltext'.
Package microtype Info: Automatic font expansion enabled (level 2),
(microtype)             stretch: 20, shrink: 20, step: 1, non-selected.
Package microtype Info: Using default expansion set `alltext-nott'.
LaTeX Info: Redefining \showhyphens on input line 45.
Package microtype Info: No adjustment of tracking.
Package microtype Info: No adjustment of interword spacing.
Package microtype Info: No adjustment of character kerning.
(/Users/patrickli/Library/TinyTeX/texmf-dist/tex/latex/microtype/mt-ppl.cfg
File: mt-ppl.cfg 2005/11/16 v1.6 microtype config. file: Palatino (RS)
)
Package biblatex Info: Trying to load language 'english'...
Package biblatex Info: ... file 'english.lbx' found.

(/Users/patrickli/Library/TinyTeX/texmf-dist/tex/latex/biblatex/lbx/english.lbx
File: english.lbx 2022/02/02 v3.17 biblatex localization (PK/MW)
)
Package biblatex Info: Input encoding 'utf8' detected.
Package biblatex Info: Data encoding 'utf8' specified.
(biblatex)             No need to reencode data.
\openout3 = `thesis.bcf'.

Package biblatex Info: Trying to load bibliographic data...
Package biblatex Info: ... file 'thesis.bbl' found.
(./thesis.bbl)
Package biblatex Info: Reference section=0 on input line 45.
Package biblatex Info: Reference segment=0 on input line 45.
Package hyperref Info: Link coloring ON on input line 45.
(/Users/patrickli/Library/TinyTeX/texmf-dist/tex/latex/hyperref/nameref.sty
Package: nameref 2021-04-02 v2.47 Cross-referencing by name of section
(/Users/patrickli/Library/TinyTeX/texmf-dist/tex/latex/refcount/refcount.sty
Package: refcount 2019/12/15 v3.6 Data extraction from label references (HO)
)
(/Users/patrickli/Library/TinyTeX/texmf-dist/tex/generic/gettitlestring/gettitl
estring.sty
Package: gettitlestring 2019/12/15 v1.6 Cleanup title references (HO)
)
\c@section@level=\count441
)
LaTeX Info: Redefining \ref on input line 45.
LaTeX Info: Redefining \pageref on input line 45.
LaTeX Info: Redefining \nameref on input line 45.
(./thesis.out) (./thesis.out)
\@outlinefile=\write5
\openout5 = `thesis.out'.

LaTeX Font Info:    Trying to load font information for T1+fvs on input line 49
.
(/Users/patrickli/Library/TinyTeX/texmf-dist/tex/latex/bera/t1fvs.fd
File: t1fvs.fd 2004/09/07 scalable font definitions for T1/fvs.
)
LaTeX Font Info:    Font shape `T1/fvs/m/n' will be
(Font)              scaled to size 9.85492pt on input line 49.
Package microtype Info: Loading generic protrusion settings for font family
(microtype)             `fvs' (encoding: T1).
(microtype)             For optimal results, create family-specific settings.
(microtype)             See the microtype manual for details.
<figures/monash-logo.jpg, id=116, 2370.8575pt x 469.755pt>
File: figures/monash-logo.jpg Graphic file (type jpg)
<use figures/monash-logo.jpg>
Package pdftex.def Info: figures/monash-logo.jpg  used on input line 49.
(pdftex.def)             Requested size: 426.79134pt x 84.55942pt.
LaTeX Font Info:    Font shape `T1/fvs/m/n' will be
(Font)              scaled to size 12.9599pt on input line 49.
LaTeX Font Info:    Font shape `T1/fvs/b/n' will be
(Font)              scaled to size 12.9599pt on input line 49.
[1

{/Users/patrickli/Library/TinyTeX/texmf-var/fonts/map/pdftex/updmap/pdftex.map}
 <./figures/monash-logo.jpg>] [2]
LaTeX Font Info:    Font shape `T1/fvs/m/n' will be
(Font)              scaled to size 21.59985pt on input line 51.
LaTeX Font Info:    Font shape `T1/fvs/b/n' will be
(Font)              scaled to size 21.59985pt on input line 51.
(./thesis.toc
LaTeX Font Info:    Font shape `T1/fvs/b/n' will be
(Font)              scaled to size 9.85492pt on input line 1.
LaTeX Font Info:    Trying to load font information for OT1+ppl on input line 1
.
(/Users/patrickli/Library/TinyTeX/texmf-dist/tex/latex/psnfss/ot1ppl.fd
File: ot1ppl.fd 2001/06/04 font definitions for OT1/ppl.
)
LaTeX Font Info:    Trying to load font information for OML+zplm on input line 
1.
(/Users/patrickli/Library/TinyTeX/texmf-dist/tex/latex/psnfss/omlzplm.fd
File: omlzplm.fd 2002/09/08 Fontinst v1.914 font definitions for OML/zplm.
)
LaTeX Font Info:    Trying to load font information for OMS+zplm on input line 
1.
(/Users/patrickli/Library/TinyTeX/texmf-dist/tex/latex/psnfss/omszplm.fd
File: omszplm.fd 2002/09/08 Fontinst v1.914 font definitions for OMS/zplm.
)
LaTeX Font Info:    Trying to load font information for OMX+zplm on input line 
1.
(/Users/patrickli/Library/TinyTeX/texmf-dist/tex/latex/psnfss/omxzplm.fd
File: omxzplm.fd 2002/09/08 Fontinst v1.914 font definitions for OMX/zplm.
)
LaTeX Font Info:    Trying to load font information for OT1+zplm on input line 
1.
(/Users/patrickli/Library/TinyTeX/texmf-dist/tex/latex/psnfss/ot1zplm.fd
File: ot1zplm.fd 2002/09/08 Fontinst v1.914 font definitions for OT1/zplm.
)
Package microtype Info: Loading generic protrusion settings for font family
(microtype)             `zplm' (encoding: OT1).
(microtype)             For optimal results, create family-specific settings.
(microtype)             See the microtype manual for details.
)
\tf@toc=\write6
\openout6 = `thesis.toc'.

[3] [4

]
LaTeX Font Info:    Font shape `T1/fvs/b/n' will be
(Font)              scaled to size 18.66588pt on input line 54.
LaTeX Font Info:    Font shape `T1/fvs/b/n' will be
(Font)              scaled to size 22.39185pt on input line 54.
LaTeX Font Info:    Trying to load font information for TS1+ppl on input line 6
1.
(/Users/patrickli/Library/TinyTeX/texmf-dist/tex/latex/psnfss/ts1ppl.fd
File: ts1ppl.fd 2001/06/04 font definitions for TS1/ppl.
) [5] [6

] [7] [8

] [9] [10] [11

] [12

]

LaTeX Warning: Reference `ch:litreview' on page xiii undefined on input line 14
0.

[13] [0


]
Chapter 1.
LaTeX Font Info:    Font shape `T1/fvs/b/n' will be
(Font)              scaled to size 13.49991pt on input line 148.
[1]
<thesis_files/figure-latex/two-dim-ai-1.pdf, id=233, 454.69875pt x 274.02374pt>

File: thesis_files/figure-latex/two-dim-ai-1.pdf Graphic file (type pdf)
<use thesis_files/figure-latex/two-dim-ai-1.pdf>
Package pdftex.def Info: thesis_files/figure-latex/two-dim-ai-1.pdf  used on in
put line 168.
(pdftex.def)             Requested size: 454.69763pt x 274.02307pt.

Overfull \hbox (27.90628pt too wide) in paragraph at lines 168--169
 [][] 
 []

[2 <./thesis_files/figure-latex/two-dim-ai-1.pdf>] [3]
<figures/rsta2009012001.jpg, id=271, 1806.75pt x 1370.11874pt>
File: figures/rsta2009012001.jpg Graphic file (type jpg)
<use figures/rsta2009012001.jpg>
Package pdftex.def Info: figures/rsta2009012001.jpg  used on input line 192.
(pdftex.def)             Requested size: 338.7648pt x 256.70848pt.
[4]
<thesis_files/figure-latex/residual-plot-cubic-heter-1.pdf, id=288, 454.69875pt
 x 274.02374pt>
File: thesis_files/figure-latex/residual-plot-cubic-heter-1.pdf Graphic file (t
ype pdf)
<use thesis_files/figure-latex/residual-plot-cubic-heter-1.pdf>
Package pdftex.def Info: thesis_files/figure-latex/residual-plot-cubic-heter-1.
pdf  used on input line 202.
(pdftex.def)             Requested size: 454.69763pt x 274.02307pt.

Overfull \hbox (27.90628pt too wide) in paragraph at lines 202--203
 [][] 
 []

[5 <./figures/rsta2009012001.jpg>] [6 <./thesis_files/figure-latex/residual-plo
t-cubic-heter-1.pdf>] [7] [8]

Package amsmath Warning: Foreign command \atopwithdelims;
(amsmath)                \frac or \genfrac should be used instead
(amsmath)                 on input line 241.

[9] [10] [11] [12]
Chapter 2.
[13

] [14]
<figures/experiment_tech.pdf, id=432, 839.05469pt x 853.26776pt>
File: figures/experiment_tech.pdf Graphic file (type pdf)
<use figures/experiment_tech.pdf>
Package pdftex.def Info: figures/experiment_tech.pdf  used on input line 308.
(pdftex.def)             Requested size: 338.76544pt x 338.76219pt.
<figures/website.png, id=434, 1606.0pt x 872.25874pt>
File: figures/website.png Graphic file (type png)
<use figures/website.png>
Package pdftex.def Info: figures/website.png  used on input line 316.
(pdftex.def)             Requested size: 414.04587pt x 225.0916pt.
LaTeX Font Info:    Trying to load font information for T1+fvm on input line 32
0.
(/Users/patrickli/Library/TinyTeX/texmf-dist/tex/latex/bera/t1fvm.fd
File: t1fvm.fd 2004/09/07 scalable font definitions for T1/fvm.
)
LaTeX Font Info:    Font shape `T1/fvm/m/n' will be
(Font)              scaled to size 9.85492pt on input line 320.
Package microtype Info: Loading generic protrusion settings for font family
(microtype)             `fvm' (encoding: T1).
(microtype)             For optimal results, create family-specific settings.
(microtype)             See the microtype manual for details.
[15 <./figures/experiment_tech.pdf>] [16 <./figures/website.png>] [17]
<thesis_files/figure-latex/cubic-shape-1-1.pdf, id=490, 454.69875pt x 274.02374
pt>
File: thesis_files/figure-latex/cubic-shape-1-1.pdf Graphic file (type pdf)
<use thesis_files/figure-latex/cubic-shape-1-1.pdf>
Package pdftex.def Info: thesis_files/figure-latex/cubic-shape-1-1.pdf  used on
 input line 357.
(pdftex.def)             Requested size: 454.69763pt x 274.02307pt.

Overfull \hbox (27.90628pt too wide) in paragraph at lines 357--358
 [][] 
 []

<thesis_files/figure-latex/cubic-shape-2-1.pdf, id=491, 454.69875pt x 136.51pt>

File: thesis_files/figure-latex/cubic-shape-2-1.pdf Graphic file (type pdf)
<use thesis_files/figure-latex/cubic-shape-2-1.pdf>
Package pdftex.def Info: thesis_files/figure-latex/cubic-shape-2-1.pdf  used on
 input line 363.
(pdftex.def)             Requested size: 454.69763pt x 136.50966pt.

Overfull \hbox (27.90628pt too wide) in paragraph at lines 363--364
 [][] 
 []

<thesis_files/figure-latex/cubic-shape-3-1.pdf, id=492, 454.69875pt x 136.51pt>

File: thesis_files/figure-latex/cubic-shape-3-1.pdf Graphic file (type pdf)
<use thesis_files/figure-latex/cubic-shape-3-1.pdf>
Package pdftex.def Info: thesis_files/figure-latex/cubic-shape-3-1.pdf  used on
 input line 369.
(pdftex.def)             Requested size: 454.69763pt x 136.50966pt.

Overfull \hbox (27.90628pt too wide) in paragraph at lines 369--370
 [][] 
 []

[18 <./thesis_files/figure-latex/cubic-shape-1-1.pdf>] [19 <./thesis_files/figu
re-latex/cubic-shape-2-1.pdf> <./thesis_files/figure-latex/cubic-shape-3-1.pdf>
]
<thesis_files/figure-latex/test3-1.pdf, id=541, 454.69875pt x 274.02374pt>
File: thesis_files/figure-latex/test3-1.pdf Graphic file (type pdf)
<use thesis_files/figure-latex/test3-1.pdf>
Package pdftex.def Info: thesis_files/figure-latex/test3-1.pdf  used on input l
ine 410.
(pdftex.def)             Requested size: 454.69763pt x 274.02307pt.

Overfull \hbox (27.90628pt too wide) in paragraph at lines 410--411
[][] 
 []

[20 <./thesis_files/figure-latex/test3-1.pdf>]
<thesis_files/figure-latex/unnamed-chunk-4-1.pdf, id=552, 454.69875pt x 274.023
74pt>
File: thesis_files/figure-latex/unnamed-chunk-4-1.pdf Graphic file (type pdf)
<use thesis_files/figure-latex/unnamed-chunk-4-1.pdf>
Package pdftex.def Info: thesis_files/figure-latex/unnamed-chunk-4-1.pdf  used 
on input line 420.
(pdftex.def)             Requested size: 454.69763pt x 274.02307pt.

Overfull \hbox (27.90628pt too wide) in paragraph at lines 420--421
[][] 
 []

[21 <./thesis_files/figure-latex/unnamed-chunk-4-1.pdf>]
<thesis_files/figure-latex/effectsize-1.pdf, id=563, 454.69875pt x 274.02374pt>

File: thesis_files/figure-latex/effectsize-1.pdf Graphic file (type pdf)
<use thesis_files/figure-latex/effectsize-1.pdf>
Package pdftex.def Info: thesis_files/figure-latex/effectsize-1.pdf  used on in
put line 442.
(pdftex.def)             Requested size: 454.69763pt x 274.02307pt.

Overfull \hbox (27.90628pt too wide) in paragraph at lines 442--443
 [][] 
 []

[22] [23 <./thesis_files/figure-latex/effectsize-1.pdf>]
<thesis_files/figure-latex/hetershape-1.pdf, id=587, 454.69875pt x 379.4175pt>
File: thesis_files/figure-latex/hetershape-1.pdf Graphic file (type pdf)
<use thesis_files/figure-latex/hetershape-1.pdf>
Package pdftex.def Info: thesis_files/figure-latex/hetershape-1.pdf  used on in
put line 479.
(pdftex.def)             Requested size: 454.69763pt x 379.41656pt.

Overfull \hbox (27.90628pt too wide) in paragraph at lines 479--480
 [][] 
 []

[24] [25 <./thesis_files/figure-latex/hetershape-1.pdf>]
<thesis_files/figure-latex/unnamed-chunk-8-1.pdf, id=611, 454.69875pt x 274.023
74pt>
File: thesis_files/figure-latex/unnamed-chunk-8-1.pdf Graphic file (type pdf)
<use thesis_files/figure-latex/unnamed-chunk-8-1.pdf>
Package pdftex.def Info: thesis_files/figure-latex/unnamed-chunk-8-1.pdf  used 
on input line 515.
(pdftex.def)             Requested size: 454.69763pt x 274.02307pt.

Overfull \hbox (27.90628pt too wide) in paragraph at lines 515--516
[][] 
 []

<thesis_files/figure-latex/unnamed-chunk-9-1.pdf, id=612, 454.69875pt x 274.023
74pt>
File: thesis_files/figure-latex/unnamed-chunk-9-1.pdf Graphic file (type pdf)
<use thesis_files/figure-latex/unnamed-chunk-9-1.pdf>
Package pdftex.def Info: thesis_files/figure-latex/unnamed-chunk-9-1.pdf  used 
on input line 523.
(pdftex.def)             Requested size: 454.69763pt x 274.02307pt.

Overfull \hbox (27.90628pt too wide) in paragraph at lines 523--525
[][]
 []

[26 <./thesis_files/figure-latex/unnamed-chunk-8-1.pdf>]
<thesis_files/figure-latex/hetern-1.pdf, id=625, 454.69875pt x 136.51pt>
File: thesis_files/figure-latex/hetern-1.pdf Graphic file (type pdf)
<use thesis_files/figure-latex/hetern-1.pdf>
Package pdftex.def Info: thesis_files/figure-latex/hetern-1.pdf  used on input 
line 528.
(pdftex.def)             Requested size: 454.69763pt x 136.50966pt.

Overfull \hbox (27.90628pt too wide) in paragraph at lines 528--529
 [][] 
 []

<thesis_files/figure-latex/hetereffectsize-1.pdf, id=626, 454.69875pt x 274.023
74pt>
File: thesis_files/figure-latex/hetereffectsize-1.pdf Graphic file (type pdf)
<use thesis_files/figure-latex/hetereffectsize-1.pdf>
Package pdftex.def Info: thesis_files/figure-latex/hetereffectsize-1.pdf  used 
on input line 534.
(pdftex.def)             Requested size: 454.69763pt x 274.02307pt.

Overfull \hbox (27.90628pt too wide) in paragraph at lines 534--535
 [][] 
 []

[27 <./thesis_files/figure-latex/unnamed-chunk-9-1.pdf>] [28 <./thesis_files/fi
gure-latex/hetern-1.pdf> <./thesis_files/figure-latex/hetereffectsize-1.pdf>]
<thesis_files/figure-latex/discreteex-1.pdf, id=656, 454.69875pt x 274.02374pt>

File: thesis_files/figure-latex/discreteex-1.pdf Graphic file (type pdf)
<use thesis_files/figure-latex/discreteex-1.pdf>
Package pdftex.def Info: thesis_files/figure-latex/discreteex-1.pdf  used on in
put line 551.
(pdftex.def)             Requested size: 454.69763pt x 274.02307pt.

Overfull \hbox (27.90628pt too wide) in paragraph at lines 551--552
 [][] 
 []

[29] [30 <./thesis_files/figure-latex/discreteex-1.pdf>]
<thesis_files/figure-latex/pilotglm-1.pdf, id=681, 454.69875pt x 274.02374pt>
File: thesis_files/figure-latex/pilotglm-1.pdf Graphic file (type pdf)
<use thesis_files/figure-latex/pilotglm-1.pdf>
Package pdftex.def Info: thesis_files/figure-latex/pilotglm-1.pdf  used on inpu
t line 594.
(pdftex.def)             Requested size: 454.69763pt x 274.02307pt.

Overfull \hbox (27.90628pt too wide) in paragraph at lines 594--595
 [][] 
 []

LaTeX Font Info:    Font shape `T1/fvm/m/it' in size <10.95> not available
(Font)              Font shape `T1/fvm/m/sl' tried instead on input line 595.
LaTeX Font Info:    Font shape `T1/fvm/m/sl' will be
(Font)              scaled to size 9.85492pt on input line 595.
[31]
<thesis_files/figure-latex/e1glmplot-1.pdf, id=688, 454.69875pt x 274.02374pt>
File: thesis_files/figure-latex/e1glmplot-1.pdf Graphic file (type pdf)
<use thesis_files/figure-latex/e1glmplot-1.pdf>
Package pdftex.def Info: thesis_files/figure-latex/e1glmplot-1.pdf  used on inp
ut line 604.
(pdftex.def)             Requested size: 454.69763pt x 274.02307pt.

Overfull \hbox (27.90628pt too wide) in paragraph at lines 604--605
 [][] 
 []

[32 <./thesis_files/figure-latex/pilotglm-1.pdf>] [33 <./thesis_files/figure-la
tex/e1glmplot-1.pdf>]
LaTeX Font Info:    Calculating math sizes for size <15> on input line 639.
[34] [35]
LaTeX Font Info:    Font shape `T1/fvs/b/n' will be
(Font)              scaled to size 10.79993pt on input line 704.
[36]
<thesis_files/figure-latex/powerglm-1.pdf, id=749, 454.69875pt x 274.02374pt>
File: thesis_files/figure-latex/powerglm-1.pdf Graphic file (type pdf)
<use thesis_files/figure-latex/powerglm-1.pdf>
Package pdftex.def Info: thesis_files/figure-latex/powerglm-1.pdf  used on inpu
t line 768.
(pdftex.def)             Requested size: 454.69763pt x 274.02307pt.

Overfull \hbox (27.90628pt too wide) in paragraph at lines 768--769
 [][] 
 []


Overfull \hbox (2.12755pt too wide) in paragraph at lines 777--799
 [][] 
 []

[37] [38]
Overfull \hbox (7.68625pt too wide) in paragraph at lines 804--826
 [][] 
 []

<thesis_files/figure-latex/powerglmsecond-1.pdf, id=765, 454.69875pt x 274.0237
4pt>
File: thesis_files/figure-latex/powerglmsecond-1.pdf Graphic file (type pdf)
<use thesis_files/figure-latex/powerglmsecond-1.pdf>
Package pdftex.def Info: thesis_files/figure-latex/powerglmsecond-1.pdf  used o
n input line 830.
(pdftex.def)             Requested size: 454.69763pt x 274.02307pt.

Overfull \hbox (27.90628pt too wide) in paragraph at lines 830--831
 [][] 
 []

[39 <./thesis_files/figure-latex/powerglm-1.pdf>] [40] [41 <./thesis_files/figu
re-latex/powerglmsecond-1.pdf>] [42] [43] [44

]
Chapter 3.
[45] [46]
Overfull \hbox (19.72833pt too wide) in paragraph at lines 1036--1047
 [][] 
 []

<thesis_files/figure-latex/unnamed-chunk-44-1.pdf, id=829, 454.69875pt x 274.02
374pt>
File: thesis_files/figure-latex/unnamed-chunk-44-1.pdf Graphic file (type pdf)
<use thesis_files/figure-latex/unnamed-chunk-44-1.pdf>
Package pdftex.def Info: thesis_files/figure-latex/unnamed-chunk-44-1.pdf  used
 on input line 1049.
(pdftex.def)             Requested size: 454.69763pt x 274.02307pt.

Overfull \hbox (27.90628pt too wide) in paragraph at lines 1049--1050
[][] 
 []

[47] [48 <./thesis_files/figure-latex/unnamed-chunk-44-1.pdf>]
Appendix A.
[49

] [50

] [51]
Underfull \hbox (badness 2452) in paragraph at lines 1060--1060
[][]\T1/ppl/m/n/10.95 (+20) Gelman, A (2003). A Bayesian For-mu-la-tion of Ex-p
loratory Data Anal-y-sis and
 []


Underfull \hbox (badness 10000) in paragraph at lines 1060--1060
\T1/ppl/m/n/10.95 (+20) Goodness-of-fit Test-ing*. en. \T1/ppl/m/it/10.95 (+20)
 In-ter-na-tional Sta-tis-ti-cal Re-view \T1/ppl/b/n/10.95 (+20) 71\T1/ppl/m/n/
10.95 (+20) (2). _eprint:
 []


Underfull \hbox (badness 10000) in paragraph at lines 1060--1060
\T1/ppl/m/n/10.95 (+20) https://onlinelibrary.wiley.com/doi/pdf/10.1111/j.1751-
5823.2003.tb00203.x,
 []

[52]
Underfull \hbox (badness 10000) in paragraph at lines 1060--1060
[][]\T1/ppl/m/n/10.95 (+20) Loy, A and H Hof-mann (2013). Di-ag-nos-tic tools f
or hi-er-ar-chi-cal
 []


Underfull \hbox (badness 10000) in paragraph at lines 1060--1060
\T1/ppl/m/n/10.95 (+20) lin-ear mod-els. en. \T1/ppl/m/it/10.95 (+20) WIREs Com
-pu-ta-tional Statis-tics \T1/ppl/b/n/10.95 (+20) 5\T1/ppl/m/n/10.95 (+20) (1).
 _eprint:
 []


Underfull \hbox (badness 10000) in paragraph at lines 1060--1060
\T1/ppl/m/n/10.95 (+20) https://wires.onlinelibrary.wiley.com/doi/pdf/10.1002/w
ics.1238, 48^^U61. (Vis-
 []

[53]
Underfull \hbox (badness 5064) in paragraph at lines 1060--1060
[][]\T1/ppl/m/n/10.95 (+20) Wickham, H (2011). gg-plot2. en. \T1/ppl/m/it/10.95
 (+20) WIREs Com-pu-ta-tional Statis-tics \T1/ppl/b/n/10.95 (+20) 3\T1/ppl/m/n/
10.95 (+20) (2). _eprint:
 []


Underfull \hbox (badness 10000) in paragraph at lines 1060--1060
[][]\T1/ppl/m/n/10.95 (+20) Widen, HM, JB El-sner, S Pau, and CK Ue-jio (2016).
 Graph-i-cal In-fer-
 []


Underfull \hbox (badness 10000) in paragraph at lines 1060--1060
\T1/ppl/m/n/10.95 (+20) ence in Ge-o-graph-i-cal Re-search. en. \T1/ppl/m/it/10
.95 (+20) Ge-o-graph-i-cal Anal-y-sis \T1/ppl/b/n/10.95 (+20) 48\T1/ppl/m/n/10.
95 (+20) (2). _eprint:
 []

[54] (./thesis.aux)

LaTeX Warning: There were undefined references.

Package rerunfilecheck Info: File `thesis.out' has not changed.
(rerunfilecheck)             Checksum: 0063C20A441ACBA2552C57871EBBEA92;5425.
Package logreq Info: Writing requests to 'thesis.run.xml'.
\openout1 = `thesis.run.xml'.

 )
(\end occurred inside a group at level 1)

### semi simple group (level 1) entered at line 102 (\begingroup)
### bottom level 
Here is how much of TeX's memory you used:
 24174 strings out of 480236
 432058 string characters out of 5894706
 1178293 words of memory out of 5000000
 41017 multiletter control sequences out of 15000+600000
 593879 words of font info for 486 fonts, out of 8000000 for 9000
 14 hyphenation exceptions out of 8191
 75i,12n,82p,2914b,18684s stack positions out of 5000i,500n,10000p,200000b,80000s
{/Users/patrickli/Library/TinyTeX/texmf-dist/fonts/enc/dvips/ba
se/8r.enc}</Users/patrickli/Library/TinyTeX/texmf-dist/fonts/type1/public/amsfo
nts/cm/cmbsy10.pfb></Users/patrickli/Library/TinyTeX/texmf-dist/fonts/type1/pub
lic/amsfonts/cm/cmex10.pfb></Users/patrickli/Library/TinyTeX/texmf-dist/fonts/t
ype1/public/amsfonts/cm/cmmi10.pfb></Users/patrickli/Library/TinyTeX/texmf-dist
/fonts/type1/public/amsfonts/cm/cmr10.pfb></Users/patrickli/Library/TinyTeX/tex
mf-dist/fonts/type1/public/amsfonts/cm/cmsy10.pfb></Users/patrickli/Library/Tin
yTeX/texmf-dist/fonts/type1/public/mathpazo/fplmbi.pfb></Users/patrickli/Librar
y/TinyTeX/texmf-dist/fonts/type1/public/mathpazo/fplmr.pfb></Users/patrickli/Li
brary/TinyTeX/texmf-dist/fonts/type1/public/mathpazo/fplmri.pfb></Users/patrick
li/Library/TinyTeX/texmf-dist/fonts/type1/public/bera/fvmr8a.pfb></Users/patric
kli/Library/TinyTeX/texmf-dist/fonts/type1/public/bera/fvmro8a.pfb></Users/patr
ickli/Library/TinyTeX/texmf-dist/fonts/type1/public/bera/fvsb8a.pfb></Users/pat
rickli/Library/TinyTeX/texmf-dist/fonts/type1/public/bera/fvsr8a.pfb></Users/pa
trickli/Library/TinyTeX/texmf-dist/fonts/type1/urw/palatino/uplb8a.pfb></Users/
patrickli/Library/TinyTeX/texmf-dist/fonts/type1/urw/palatino/uplbi8a.pfb></Use
rs/patrickli/Library/TinyTeX/texmf-dist/fonts/type1/urw/palatino/uplr8a.pfb></U
sers/patrickli/Library/TinyTeX/texmf-dist/fonts/type1/urw/palatino/uplri8a.pfb>
Output written on thesis.pdf (68 pages, 7025814 bytes).
PDF statistics:
 999 PDF objects out of 1000 (max. 8388607)
 831 compressed objects within 9 object streams
 213 named destinations out of 1000 (max. 500000)
 125268 words of extra memory for PDF output out of 128383 (max. 10000000)

